2025-04-16 09:55:53,965 - INFO - Retrieved 469 valid futures symbols
2025-04-16 09:55:54,017 - INFO - Selected top 464 symbols by quote volume
2025-04-16 09:57:09,231 - INFO - Golden Cross Results:
Empty DataFrame
Columns: []
Index: []
2025-04-16 09:57:09,232 - INFO - Dead Cross Results:
Empty DataFrame
Columns: []
Index: []
2025-04-16 09:58:05,066 - WARNING - Connection pool is full, discarding connection: fapi.binance.com. Connection pool size: 10
2025-04-16 09:58:05,071 - WARNING - Connection pool is full, discarding connection: fapi.binance.com. Connection pool size: 10
2025-04-16 09:58:05,086 - WARNING - Connection pool is full, discarding connection: fapi.binance.com. Connection pool size: 10
2025-04-16 09:58:06,225 - WARNING - Connection pool is full, discarding connection: fapi.binance.com. Connection pool size: 10
2025-04-16 09:58:06,448 - WARNING - Connection pool is full, discarding connection: fapi.binance.com. Connection pool size: 10
2025-04-16 09:58:06,712 - WARNING - Connection pool is full, discarding connection: fapi.binance.com. Connection pool size: 10
2025-04-16 09:58:06,714 - WARNING - Connection pool is full, discarding connection: fapi.binance.com. Connection pool size: 10
2025-04-16 09:58:06,728 - WARNING - Connection pool is full, discarding connection: fapi.binance.com. Connection pool size: 10
2025-04-16 09:58:06,739 - WARNING - Connection pool is full, discarding connection: fapi.binance.com. Connection pool size: 10
2025-04-16 09:58:06,756 - WARNING - Connection pool is full, discarding connection: fapi.binance.com. Connection pool size: 10
2025-04-16 09:58:06,770 - WARNING - Connection pool is full, discarding connection: fapi.binance.com. Connection pool size: 10
2025-04-16 09:58:06,775 - WARNING - Connection pool is full, discarding connection: fapi.binance.com. Connection pool size: 10
2025-04-16 09:59:20,660 - WARNING - Connection pool is full, discarding connection: fapi.binance.com. Connection pool size: 10
2025-04-16 09:59:20,666 - WARNING - Connection pool is full, discarding connection: fapi.binance.com. Connection pool size: 10
2025-04-16 09:59:20,905 - WARNING - Connection pool is full, discarding connection: fapi.binance.com. Connection pool size: 10
2025-04-16 09:59:21,434 - WARNING - Connection pool is full, discarding connection: fapi.binance.com. Connection pool size: 10
2025-04-16 09:59:21,438 - WARNING - Connection pool is full, discarding connection: fapi.binance.com. Connection pool size: 10
2025-04-16 09:59:21,851 - WARNING - Connection pool is full, discarding connection: fapi.binance.com. Connection pool size: 10
2025-04-16 09:59:22,313 - WARNING - Connection pool is full, discarding connection: fapi.binance.com. Connection pool size: 10
2025-04-16 09:59:22,319 - WARNING - Connection pool is full, discarding connection: fapi.binance.com. Connection pool size: 10
2025-04-16 09:59:22,333 - WARNING - Connection pool is full, discarding connection: fapi.binance.com. Connection pool size: 10
2025-04-16 09:59:22,345 - WARNING - Connection pool is full, discarding connection: fapi.binance.com. Connection pool size: 10
2025-04-16 09:59:22,373 - WARNING - Connection pool is full, discarding connection: fapi.binance.com. Connection pool size: 10
2025-04-16 09:59:22,384 - WARNING - Connection pool is full, discarding connection: fapi.binance.com. Connection pool size: 10
2025-04-16 09:59:22,627 - WARNING - Connection pool is full, discarding connection: fapi.binance.com. Connection pool size: 10
2025-04-16 09:59:53,849 - WARNING - Connection pool is full, discarding connection: fapi.binance.com. Connection pool size: 10
2025-04-16 09:59:53,859 - WARNING - Connection pool is full, discarding connection: fapi.binance.com. Connection pool size: 10
2025-04-16 09:59:53,875 - WARNING - Connection pool is full, discarding connection: fapi.binance.com. Connection pool size: 10
2025-04-16 09:59:54,707 - WARNING - Connection pool is full, discarding connection: fapi.binance.com. Connection pool size: 10
2025-04-16 09:59:54,710 - WARNING - Connection pool is full, discarding connection: fapi.binance.com. Connection pool size: 10
2025-04-16 09:59:54,749 - WARNING - Connection pool is full, discarding connection: fapi.binance.com. Connection pool size: 10
2025-04-16 09:59:55,599 - WARNING - Connection pool is full, discarding connection: fapi.binance.com. Connection pool size: 10
2025-04-16 09:59:55,618 - WARNING - Connection pool is full, discarding connection: fapi.binance.com. Connection pool size: 10
2025-04-16 09:59:55,618 - WARNING - Connection pool is full, discarding connection: fapi.binance.com. Connection pool size: 10
2025-04-16 09:59:55,623 - WARNING - Connection pool is full, discarding connection: fapi.binance.com. Connection pool size: 10
2025-04-16 09:59:55,628 - WARNING - Connection pool is full, discarding connection: fapi.binance.com. Connection pool size: 10
2025-04-16 09:59:55,656 - WARNING - Connection pool is full, discarding connection: fapi.binance.com. Connection pool size: 10
2025-04-16 10:02:38,899 - INFO - Golden Cross Results:
Empty DataFrame
Columns: [Symbol, Cross Type, RSI]
Index: []
2025-04-16 10:02:38,899 - INFO - Dead Cross Results:
Empty DataFrame
Columns: [Symbol, Cross Type, RSI]
Index: []
2025-04-16 10:04:49,684 - INFO - Final Results:
      Symbol                Signal  Current RSI
       SUSDT    Dead Cross 200/400    23.333333
       SUSDT   Dead Cross 200/1200    23.333333
 VIRTUALUSDT    Dead Cross 200/400    24.770642
 VIRTUALUSDT   Dead Cross 200/1200    24.770642
     XLMUSDT    Dead Cross 200/400    23.421263
     XLMUSDT   Dead Cross 200/1200    23.421263
     NFPUSDT    Dead Cross 200/400    25.000000
     NFPUSDT   Dead Cross 200/1200    25.000000
   BRETTUSDT    Dead Cross 200/400    21.810089
   BRETTUSDT   Dead Cross 200/1200    21.810089
    PROMUSDT    Dead Cross 200/400    23.357664
    PROMUSDT   Dead Cross 200/1200    23.357664
     SPXUSDT    Dead Cross 200/400    21.553885
     SPXUSDT   Dead Cross 200/1200    21.553885
     DYMUSDT    Dead Cross 200/400    23.376623
     DYMUSDT   Dead Cross 200/1200    23.376623
      OMUSDT    Dead Cross 200/400    17.936169
      OMUSDT   Dead Cross 200/1200    17.936169
     TUTUSDT  Golden Cross 200/400    83.227848
     TUTUSDT Golden Cross 200/1200    83.227848
     BIDUSDT  Golden Cross 200/400    78.431373
     BIDUSDT Golden Cross 200/1200    78.431373
NEIROETHUSDT  Golden Cross 200/400    78.640777
NEIROETHUSDT Golden Cross 200/1200    78.640777
     MEWUSDT    Dead Cross 200/400    14.035088
     MEWUSDT   Dead Cross 200/1200    14.035088
2025-04-16 10:06:47,546 - INFO - Final Results:
      Symbol                Signal  Current RSI
    MOVEUSDT    Dead Cross 200/400    21.735817
    MOVEUSDT   Dead Cross 200/1200    21.735817
    MOCAUSDT    Dead Cross 200/400    18.782361
    MOCAUSDT   Dead Cross 200/1200    18.782361
    VTHOUSDT    Dead Cross 200/400    19.017477
    VTHOUSDT   Dead Cross 200/1200    19.017477
     TUTUSDT  Golden Cross 200/400    85.159417
     TUTUSDT Golden Cross 200/1200    85.159417
NEIROETHUSDT  Golden Cross 200/400    82.212737
NEIROETHUSDT Golden Cross 200/1200    82.212737
2025-04-16 10:10:16,950 - INFO - Final Results:
      Symbol                Signal  Current RSI
    MOVEUSDT    Dead Cross 200/400    23.997807
    MOVEUSDT   Dead Cross 200/1200    23.997807
    VTHOUSDT    Dead Cross 200/400    17.904600
    VTHOUSDT   Dead Cross 200/1200    17.904600
     TUTUSDT  Golden Cross 200/400    86.339910
     TUTUSDT Golden Cross 200/1200    86.339910
NEIROETHUSDT  Golden Cross 200/400    84.001892
NEIROETHUSDT Golden Cross 200/1200    84.001892
2025-04-16 10:12:44,995 - INFO - Final Results:
  Symbol              Signal  Current RSI
MOVEUSDT  Dead Cross 200/400    23.000474
MOVEUSDT Dead Cross 200/1200    23.000474
2025-04-16 10:15:15,709 - INFO - Final Results:
  Symbol                Signal  Current RSI
MOVEUSDT    Dead Cross 200/400    24.251839
MOVEUSDT   Dead Cross 200/1200    24.251839
MOCAUSDT    Dead Cross 200/400    24.775956
MOCAUSDT   Dead Cross 200/1200    24.775956
VTHOUSDT    Dead Cross 200/400    15.461652
VTHOUSDT   Dead Cross 200/1200    15.461652
PROMUSDT    Dead Cross 200/400    19.992560
PROMUSDT   Dead Cross 200/1200    19.992560
 TUTUSDT  Golden Cross 200/400    86.130576
 TUTUSDT Golden Cross 200/1200    86.130576
  MEUSDT    Dead Cross 200/400    22.426541
  MEUSDT   Dead Cross 200/1200    22.426541
2025-04-16 10:19:54,267 - INFO - Final Results:
    Symbol                Signal  Current RSI
ALPACAUSDT  Golden Cross 200/400    76.824167
  VTHOUSDT    Dead Cross 200/400    20.990020
  VTHOUSDT   Dead Cross 200/1200    20.990020
   TUTUSDT  Golden Cross 200/400    86.216210
   TUTUSDT Golden Cross 200/1200    86.216210
2025-04-16 10:22:08,389 - INFO - Final Results:
    Symbol                Signal  Current RSI
ALPACAUSDT  Golden Cross 200/400    77.030600
  POWRUSDT  Golden Cross 200/400    75.442746
  POWRUSDT Golden Cross 200/1200    75.442746
  VTHOUSDT    Dead Cross 200/400    22.675558
  VTHOUSDT   Dead Cross 200/1200    22.675558
   FXSUSDT  Golden Cross 200/400    75.542577
   FXSUSDT Golden Cross 200/1200    75.542577
  MOVRUSDT  Golden Cross 200/400    75.060490
  MOVRUSDT Golden Cross 200/1200    75.060490
   TUTUSDT  Golden Cross 200/400    88.122854
   TUTUSDT Golden Cross 200/1200    88.122854
 DRIFTUSDT  Golden Cross 200/400    75.709628
 DRIFTUSDT Golden Cross 200/1200    75.709628
2025-04-16 10:26:50,585 - ERROR - Error fetching symbols: APIError(code=-1003): Way too many requests; IP(118.36.134.145) banned until 1744766930922. Please use the websocket for live updates to avoid bans.
2025-04-16 10:51:00,876 - INFO - Final Results:
   Symbol                Signal  Current RSI
HIPPOUSDT  Golden Cross 200/400    76.923077
HIPPOUSDT Golden Cross 200/1200    76.923077
 POWRUSDT  Golden Cross 200/400    77.319588
 POWRUSDT Golden Cross 200/1200    77.319588
 VTHOUSDT    Dead Cross 200/400     9.157509
 VTHOUSDT   Dead Cross 200/1200     9.157509
  XTZUSDT  Golden Cross 200/400    81.818182
  XTZUSDT Golden Cross 200/1200    81.818182
 MOVRUSDT  Golden Cross 200/400    75.520833
 MOVRUSDT Golden Cross 200/1200    75.520833
  TUTUSDT  Golden Cross 200/400    75.062344
  TUTUSDT Golden Cross 200/1200    75.062344
2025-04-16 10:53:27,315 - INFO - Final Results:
    Symbol                Signal  Current RSI
PENDLEUSDT  Golden Cross 200/400    75.943396
PENDLEUSDT Golden Cross 200/1200    75.943396
 HIPPOUSDT  Golden Cross 200/400    76.923077
 HIPPOUSDT Golden Cross 200/1200    76.923077
ALPACAUSDT  Golden Cross 200/400    75.496689
  POWRUSDT  Golden Cross 200/400    77.551020
  POWRUSDT Golden Cross 200/1200    77.551020
  VTHOUSDT    Dead Cross 200/400     9.090909
  VTHOUSDT   Dead Cross 200/1200     9.090909
  PAXGUSDT  Golden Cross 200/400    87.347363
  PAXGUSDT Golden Cross 200/1200    87.347363
   XTZUSDT  Golden Cross 200/400    81.818182
   XTZUSDT Golden Cross 200/1200    81.818182
  MOVRUSDT  Golden Cross 200/400    76.020408
  MOVRUSDT Golden Cross 200/1200    76.020408
 DRIFTUSDT  Golden Cross 200/400    75.000000
 DRIFTUSDT Golden Cross 200/1200    75.000000
   WALUSDT    Dead Cross 200/400    22.380952
   WALUSDT   Dead Cross 200/1200    22.380952
   ZILUSDT  Golden Cross 200/400    77.083333
   ZILUSDT Golden Cross 200/1200    77.083333
2025-04-16 10:54:42,780 - INFO - Final Results:
    Symbol                Signal  Current RSI
 HIPPOUSDT  Golden Cross 200/400    76.923077
 HIPPOUSDT Golden Cross 200/1200    76.923077
  POWRUSDT  Golden Cross 200/400    76.344086
  POWRUSDT Golden Cross 200/1200    76.344086
ALPACAUSDT  Golden Cross 200/400    75.167785
  VTHOUSDT    Dead Cross 200/400     9.057971
  VTHOUSDT   Dead Cross 200/1200     9.057971
  PAXGUSDT  Golden Cross 200/400    87.595517
  PAXGUSDT Golden Cross 200/1200    87.595517
   XTZUSDT  Golden Cross 200/400    80.952381
   XTZUSDT Golden Cross 200/1200    80.952381
   FXSUSDT  Golden Cross 200/400    75.040783
   FXSUSDT Golden Cross 200/1200    75.040783
  MOVRUSDT  Golden Cross 200/400    75.647668
  MOVRUSDT Golden Cross 200/1200    75.647668
 DRIFTUSDT  Golden Cross 200/400    75.113122
 DRIFTUSDT Golden Cross 200/1200    75.113122
   WALUSDT    Dead Cross 200/400    20.346320
   WALUSDT   Dead Cross 200/1200    20.346320
   ZILUSDT  Golden Cross 200/400    76.086957
   ZILUSDT Golden Cross 200/1200    76.086957
2025-04-16 11:07:17,968 - INFO - Final Results:
Empty DataFrame
Columns: [Symbol, Signal, Current RSI]
Index: []
2025-04-16 11:09:26,115 - WARNING - Insufficient data for WCTUSDT: 61 rows
2025-04-16 11:09:26,911 - WARNING - Insufficient data for KERNELUSDT: 153 rows
2025-04-16 11:09:32,662 - WARNING - Insufficient data for BABYUSDT: 1011 rows
2025-04-16 11:09:33,984 - WARNING - Insufficient data for PUMPUSDT: 335 rows
2025-04-16 11:09:34,618 - WARNING - Insufficient data for XCNUSDT: 427 rows
2025-04-16 11:09:35,764 - WARNING - Insufficient data for PROMPTUSDT: 463 rows
2025-04-16 11:09:37,253 - WARNING - Insufficient data for FORTHUSDT: 743 rows
2025-04-16 11:09:38,036 - WARNING - Insufficient data for STOUSDT: 334 rows
2025-04-16 11:09:43,835 - WARNING - Insufficient data for FHEUSDT: 333 rows
2025-04-16 11:09:44,445 - INFO - No symbols meet the criteria.
2025-04-16 11:13:13,385 - WARNING - Insufficient data for WCTUSDT: 61 rows
2025-04-16 11:13:14,248 - WARNING - Insufficient data for KERNELUSDT: 153 rows
2025-04-16 11:13:19,910 - WARNING - Insufficient data for BABYUSDT: 1011 rows
2025-04-16 11:13:21,317 - WARNING - Insufficient data for PUMPUSDT: 335 rows
2025-04-16 11:13:21,834 - WARNING - Insufficient data for XCNUSDT: 427 rows
2025-04-16 11:13:22,959 - WARNING - Insufficient data for PROMPTUSDT: 463 rows
2025-04-16 11:13:24,521 - WARNING - Insufficient data for FORTHUSDT: 743 rows
2025-04-16 11:13:25,285 - WARNING - Insufficient data for STOUSDT: 334 rows
2025-04-16 11:13:31,005 - WARNING - Insufficient data for FHEUSDT: 333 rows
2025-04-16 11:13:31,662 - INFO - No symbols meet the criteria.
2025-04-16 11:14:07,058 - WARNING - Insufficient data for WCTUSDT: 61 rows
2025-04-16 11:14:08,014 - WARNING - Insufficient data for KERNELUSDT: 153 rows
2025-04-16 11:14:13,759 - WARNING - Insufficient data for BABYUSDT: 1011 rows
2025-04-16 11:14:15,129 - WARNING - Insufficient data for PUMPUSDT: 335 rows
2025-04-16 11:14:15,663 - WARNING - Insufficient data for XCNUSDT: 427 rows
2025-04-16 11:14:16,925 - WARNING - Insufficient data for PROMPTUSDT: 463 rows
2025-04-16 11:14:18,498 - WARNING - Insufficient data for FORTHUSDT: 743 rows
2025-04-16 11:14:19,273 - WARNING - Insufficient data for STOUSDT: 334 rows
2025-04-16 11:14:24,976 - WARNING - Insufficient data for FHEUSDT: 333 rows
2025-04-16 11:14:25,639 - INFO - Final Results:
 Symbol                               Signal  Current RSI
FXSUSDT Golden Cross 200/400 (within 3 days)    72.521761
2025-04-16 12:56:54,958 - WARNING - Insufficient data for WCTUSDT: 68 rows
2025-04-16 12:56:55,727 - WARNING - Insufficient data for PUMPUSDT: 342 rows
2025-04-16 12:56:56,202 - WARNING - Insufficient data for KERNELUSDT: 160 rows
2025-04-16 12:57:02,340 - WARNING - Insufficient data for BABYUSDT: 1018 rows
2025-04-16 12:57:04,006 - WARNING - Insufficient data for XCNUSDT: 434 rows
2025-04-16 12:57:05,561 - WARNING - Insufficient data for PROMPTUSDT: 470 rows
2025-04-16 12:57:06,322 - WARNING - Insufficient data for FORTHUSDT: 750 rows
2025-04-16 12:57:07,516 - WARNING - Insufficient data for STOUSDT: 341 rows
2025-04-16 12:57:13,017 - WARNING - Insufficient data for FHEUSDT: 340 rows
2025-04-16 12:57:14,089 - INFO - Final Results:
  Symbol                               Signal  Current RSI
 FXSUSDT Golden Cross 200/400 (within 3 days)    78.491401
PROMUSDT Golden Cross 200/400 (within 3 days)    71.041744
2025-04-16 12:58:24,584 - WARNING - Insufficient data for WCTUSDT: 68 rows
2025-04-16 12:58:25,323 - WARNING - Insufficient data for PUMPUSDT: 342 rows
2025-04-16 12:58:25,661 - WARNING - Insufficient data for KERNELUSDT: 160 rows
2025-04-16 12:58:31,898 - WARNING - Insufficient data for BABYUSDT: 1018 rows
2025-04-16 12:58:33,541 - WARNING - Insufficient data for XCNUSDT: 434 rows
2025-04-16 12:58:35,101 - WARNING - Insufficient data for PROMPTUSDT: 470 rows
2025-04-16 12:58:35,830 - WARNING - Insufficient data for FORTHUSDT: 750 rows
2025-04-16 12:58:36,928 - WARNING - Insufficient data for STOUSDT: 341 rows
2025-04-16 12:58:42,453 - WARNING - Insufficient data for FHEUSDT: 340 rows
2025-04-16 12:58:43,549 - INFO - Final Results:
 Symbol                               Signal  Current RSI
FXSUSDT Golden Cross 200/400 (within 3 days)    78.271956
2025-04-16 14:50:01,098 - WARNING - Insufficient data for WCTUSDT: 76 rows
2025-04-16 14:50:01,217 - WARNING - Insufficient data for PUMPUSDT: 350 rows
2025-04-16 14:50:03,850 - WARNING - Insufficient data for KERNELUSDT: 168 rows
2025-04-16 14:50:09,929 - WARNING - Insufficient data for BABYUSDT: 1026 rows
2025-04-16 14:50:11,605 - WARNING - Insufficient data for XCNUSDT: 442 rows
2025-04-16 14:50:13,588 - WARNING - Insufficient data for PROMPTUSDT: 478 rows
2025-04-16 14:50:13,841 - WARNING - Insufficient data for FORTHUSDT: 758 rows
2025-04-16 14:50:14,415 - WARNING - Insufficient data for STOUSDT: 349 rows
2025-04-16 14:50:20,433 - WARNING - Insufficient data for FHEUSDT: 348 rows
2025-04-16 14:50:21,846 - INFO - No symbols meet the criteria.
2025-04-17 03:22:17,592 - WARNING - Insufficient data for INITUSDT: 48 rows
2025-04-17 03:22:21,961 - WARNING - Insufficient data for FHEUSDT: 398 rows
2025-04-17 03:22:25,424 - WARNING - Insufficient data for AERGOUSDT: 30 rows
2025-04-17 03:22:25,826 - WARNING - Insufficient data for KERNELUSDT: 218 rows
2025-04-17 03:22:29,607 - WARNING - Insufficient data for XCNUSDT: 492 rows
2025-04-17 03:22:30,689 - WARNING - Insufficient data for STOUSDT: 399 rows
2025-04-17 03:22:32,234 - WARNING - Insufficient data for BABYUSDT: 1076 rows
2025-04-17 03:22:33,658 - WARNING - Insufficient data for FORTHUSDT: 808 rows
2025-04-17 03:22:34,966 - WARNING - Insufficient data for WCTUSDT: 126 rows
2025-04-17 03:22:37,061 - WARNING - Insufficient data for PROMPTUSDT: 528 rows
2025-04-17 03:22:39,946 - WARNING - Insufficient data for PUMPUSDT: 400 rows
2025-04-17 03:22:44,522 - INFO - No symbols meet the criteria.
2025-04-18 10:56:56,693 - WARNING - Insufficient data for PROMPTUSDT: 654 rows
2025-04-18 10:56:56,795 - WARNING - Insufficient data for AERGOUSDT: 156 rows
2025-04-18 10:56:59,626 - WARNING - Insufficient data for WCTUSDT: 252 rows
2025-04-18 10:57:01,487 - WARNING - Insufficient data for FHEUSDT: 524 rows
2025-04-18 10:57:11,001 - WARNING - Insufficient data for XCNUSDT: 618 rows
2025-04-18 10:57:12,781 - WARNING - Insufficient data for KERNELUSDT: 344 rows
2025-04-18 10:57:13,615 - WARNING - Insufficient data for STOUSDT: 525 rows
2025-04-18 10:57:14,206 - WARNING - Insufficient data for BABYUSDT: 1202 rows
2025-04-18 10:57:17,459 - WARNING - Insufficient data for INITUSDT: 174 rows
2025-04-18 10:57:19,752 - WARNING - Insufficient data for PUMPUSDT: 526 rows
2025-04-18 10:57:20,907 - WARNING - Insufficient data for FORTHUSDT: 934 rows
2025-04-18 10:57:21,448 - INFO - Final Results:
 Symbol                                Signal  Current RSI
GASUSDT  Golden Cross 200/400 (within 3 days)    83.210044
GASUSDT Golden Cross 200/1200 (within 3 days)    83.210044
2025-04-18 15:35:07,564 - WARNING - Insufficient data for AERGOUSDT: 175 rows
2025-04-18 15:35:08,126 - WARNING - Insufficient data for FORTHUSDT: 953 rows
2025-04-18 15:35:09,682 - WARNING - Insufficient data for PROMPTUSDT: 673 rows
2025-04-18 15:35:12,430 - WARNING - Insufficient data for FHEUSDT: 543 rows
2025-04-18 15:35:13,904 - WARNING - Insufficient data for WCTUSDT: 271 rows
2025-04-18 15:35:22,940 - WARNING - Insufficient data for XCNUSDT: 637 rows
2025-04-18 15:35:26,623 - WARNING - Insufficient data for KERNELUSDT: 363 rows
2025-04-18 15:35:27,317 - WARNING - Insufficient data for STOUSDT: 544 rows
2025-04-18 15:35:28,483 - WARNING - Insufficient data for INITUSDT: 193 rows
2025-04-18 15:35:31,677 - WARNING - Insufficient data for PUMPUSDT: 545 rows
2025-04-18 15:35:32,478 - INFO - No symbols meet the criteria.
2025-04-19 05:03:27,646 - WARNING - Insufficient data for PROMPTUSDT: 727 rows
2025-04-19 05:03:29,017 - WARNING - Insufficient data for INITUSDT: 247 rows
2025-04-19 05:03:30,239 - WARNING - Insufficient data for FORTHUSDT: 1007 rows
2025-04-19 05:03:31,614 - WARNING - Insufficient data for PUMPUSDT: 599 rows
2025-04-19 05:03:34,864 - WARNING - Insufficient data for BANKUSDT: 7 rows
2025-04-19 05:03:38,390 - WARNING - Insufficient data for WCTUSDT: 325 rows
2025-04-19 05:03:45,886 - WARNING - Insufficient data for KERNELUSDT: 417 rows
2025-04-19 05:03:46,448 - WARNING - Insufficient data for XCNUSDT: 691 rows
2025-04-19 05:03:47,463 - WARNING - Insufficient data for STOUSDT: 598 rows
2025-04-19 05:03:50,821 - WARNING - Insufficient data for FHEUSDT: 597 rows
2025-04-19 05:03:51,139 - WARNING - Insufficient data for AERGOUSDT: 229 rows
2025-04-19 05:03:51,140 - INFO - No symbols meet the criteria.
